<?xml version="1.0" encoding="UTF-8"?>
<testng-results total="1" passed="1" failed="0" skipped="0">
  <reporter-output>
  </reporter-output>
  <suite started-at="2024-11-09T00:15:20Z" name="Default suite" finished-at="2024-11-09T00:15:36Z" duration-ms="15417">
    <groups>
    </groups>
    <test started-at="2024-11-09T00:15:20Z" name="Default test" finished-at="2024-11-09T00:15:36Z" duration-ms="15417">
      <class name="com.djapp.tests.WelcomePageTest">
        <test-method signature="validateJobSearch()[pri:0, instance:com.djapp.tests.WelcomePageTest@45099dd3]" started-at="2024-11-08T18:15:20Z" name="validateJobSearch" finished-at="2024-11-08T18:15:36Z" duration-ms="15372" status="PASS">
          <reporter-output>
          </reporter-output>
        </test-method> <!-- validateJobSearch -->
      </class> <!-- com.djapp.tests.WelcomePageTest -->
    </test> <!-- Default test -->
  </suite> <!-- Default suite -->
</testng-results>
