<?xml version="1.0" encoding="UTF-8"?>
<testng-results total="1" passed="1" failed="0" skipped="0">
  <reporter-output>
  </reporter-output>
  <suite started-at="2024-11-15T05:54:19Z" name="Default suite" finished-at="2024-11-15T05:54:37Z" duration-ms="17834">
    <groups>
    </groups>
    <test started-at="2024-11-15T05:54:19Z" name="Default test" finished-at="2024-11-15T05:54:37Z" duration-ms="17834">
      <class name="com.djapp.tests.WelcomePageTest">
        <test-method signature="validateSavedJobs()[pri:0, instance:com.djapp.tests.WelcomePageTest@d86a6f]" started-at="2024-11-14T23:54:19Z" name="validateSavedJobs" finished-at="2024-11-14T23:54:37Z" duration-ms="17765" status="PASS">
          <reporter-output>
          </reporter-output>
        </test-method> <!-- validateSavedJobs -->
      </class> <!-- com.djapp.tests.WelcomePageTest -->
    </test> <!-- Default test -->
  </suite> <!-- Default suite -->
</testng-results>
